<?xml version="1.0" encoding="UTF-8"?>
<!-- Generated by org.testng.reporters.JUnitXMLReporter -->
<testsuite ignored="0" hostname="DESKTOP-C7HII46" failures="0" tests="10" name="Default test" time="18.957" errors="0" timestamp="2024-12-17T12:12:22 IST">
  <testcase classname="DataProviderAssignment.testCases.LoginTest" name="testLogin" time="0.989"/>
  <testcase classname="DataProviderAssignment.testCases.LoginTest" name="testLogin" time="0.769"/>
  <testcase classname="DataProviderAssignment.testCases.LoginTest" name="testLogin" time="1.304"/>
  <testcase classname="DataProviderAssignment.testCases.LoginTest" name="testLogin" time="0.998"/>
  <testcase classname="DataProviderAssignment.testCases.LoginTest" name="testLogin" time="1.036"/>
  <testcase classname="DataProviderAssignment.testCases.LoginTest" name="testLogin" time="1.056"/>
  <testcase classname="DataProviderAssignment.testCases.LoginTest" name="testLogin" time="1.276"/>
  <testcase classname="DataProviderAssignment.testCases.LoginTest" name="testLogin" time="1.264"/>
  <testcase classname="DataProviderAssignment.testCases.LoginTest" name="testLogin" time="1.392"/>
  <testcase classname="DataProviderAssignment.testCases.LoginTest" name="testLogin" time="1.331"/>
</testsuite> <!-- Default test -->
