<?xml version="1.0" encoding="UTF-8"?>
<testng-results ignored="0" total="10" passed="10" failed="0" skipped="0">
  <reporter-output>
  </reporter-output>
  <suite started-at="2024-12-17T12:12:03 IST" name="Default suite" finished-at="2024-12-17T12:12:22 IST" duration-ms="18957">
    <groups>
    </groups>
    <test started-at="2024-12-17T12:12:03 IST" name="Default test" finished-at="2024-12-17T12:12:22 IST" duration-ms="18957">
      <class name="DataProviderAssignment.testCases.LoginTest">
        <test-method is-config="true" signature="setup()[pri:0, instance:DataProviderAssignment.testCases.LoginTest@36fc695d]" started-at="2024-12-17T12:12:03 IST" name="setup" finished-at="2024-12-17T12:12:10 IST" duration-ms="7008" status="PASS">
          <reporter-output>
          </reporter-output>
        </test-method> <!-- setup -->
        <test-method signature="testLogin(java.lang.String,java.lang.String)[pri:0, instance:DataProviderAssignment.testCases.LoginTest@36fc695d]" started-at="2024-12-17T12:12:10 IST" name="testLogin" data-provider="loginData" finished-at="2024-12-17T12:12:11 IST" duration-ms="989" status="PASS">
          <params>
            <param index="0">
              <value>
                <![CDATA[admin]]>
              </value>
            </param>
            <param index="1">
              <value>
                <![CDATA[password]]>
              </value>
            </param>
          </params>
          <reporter-output>
          </reporter-output>
        </test-method> <!-- testLogin -->
        <test-method signature="testLogin(java.lang.String,java.lang.String)[pri:0, instance:DataProviderAssignment.testCases.LoginTest@36fc695d]" started-at="2024-12-17T12:12:11 IST" name="testLogin" data-provider="loginData" finished-at="2024-12-17T12:12:12 IST" duration-ms="769" status="PASS">
          <params>
            <param index="0">
              <value>
                <![CDATA[user1]]>
              </value>
            </param>
            <param index="1">
              <value>
                <![CDATA[pass1]]>
              </value>
            </param>
          </params>
          <reporter-output>
          </reporter-output>
        </test-method> <!-- testLogin -->
        <test-method signature="testLogin(java.lang.String,java.lang.String)[pri:0, instance:DataProviderAssignment.testCases.LoginTest@36fc695d]" started-at="2024-12-17T12:12:12 IST" name="testLogin" data-provider="loginData" finished-at="2024-12-17T12:12:13 IST" duration-ms="1304" status="PASS">
          <params>
            <param index="0">
              <value>
                <![CDATA[test1]]>
              </value>
            </param>
            <param index="1">
              <value>
                <![CDATA[test123]]>
              </value>
            </param>
          </params>
          <reporter-output>
          </reporter-output>
        </test-method> <!-- testLogin -->
        <test-method signature="testLogin(java.lang.String,java.lang.String)[pri:0, instance:DataProviderAssignment.testCases.LoginTest@36fc695d]" started-at="2024-12-17T12:12:13 IST" name="testLogin" data-provider="loginData" finished-at="2024-12-17T12:12:14 IST" duration-ms="998" status="PASS">
          <params>
            <param index="0">
              <value>
                <![CDATA[demo]]>
              </value>
            </param>
            <param index="1">
              <value>
                <![CDATA[password]]>
              </value>
            </param>
          </params>
          <reporter-output>
          </reporter-output>
        </test-method> <!-- testLogin -->
        <test-method signature="testLogin(java.lang.String,java.lang.String)[pri:0, instance:DataProviderAssignment.testCases.LoginTest@36fc695d]" started-at="2024-12-17T12:12:14 IST" name="testLogin" data-provider="loginData" finished-at="2024-12-17T12:12:15 IST" duration-ms="1036" status="PASS">
          <params>
            <param index="0">
              <value>
                <![CDATA[user123]]>
              </value>
            </param>
            <param index="1">
              <value>
                <![CDATA[user123]]>
              </value>
            </param>
          </params>
          <reporter-output>
          </reporter-output>
        </test-method> <!-- testLogin -->
        <test-method signature="testLogin(java.lang.String,java.lang.String)[pri:0, instance:DataProviderAssignment.testCases.LoginTest@36fc695d]" started-at="2024-12-17T12:12:15 IST" name="testLogin" data-provider="loginData" finished-at="2024-12-17T12:12:16 IST" duration-ms="1056" status="PASS">
          <params>
            <param index="0">
              <value>
                <![CDATA[admin]]>
              </value>
            </param>
            <param index="1">
              <value>
                <![CDATA[wrongpassword]]>
              </value>
            </param>
          </params>
          <reporter-output>
          </reporter-output>
        </test-method> <!-- testLogin -->
        <test-method signature="testLogin(java.lang.String,java.lang.String)[pri:0, instance:DataProviderAssignment.testCases.LoginTest@36fc695d]" started-at="2024-12-17T12:12:16 IST" name="testLogin" data-provider="loginData" finished-at="2024-12-17T12:12:18 IST" duration-ms="1276" status="PASS">
          <params>
            <param index="0">
              <value>
                <![CDATA[testuser]]>
              </value>
            </param>
            <param index="1">
              <value>
                <![CDATA[testpassword]]>
              </value>
            </param>
          </params>
          <reporter-output>
          </reporter-output>
        </test-method> <!-- testLogin -->
        <test-method signature="testLogin(java.lang.String,java.lang.String)[pri:0, instance:DataProviderAssignment.testCases.LoginTest@36fc695d]" started-at="2024-12-17T12:12:18 IST" name="testLogin" data-provider="loginData" finished-at="2024-12-17T12:12:19 IST" duration-ms="1264" status="PASS">
          <params>
            <param index="0">
              <value>
                <![CDATA[invalid]]>
              </value>
            </param>
            <param index="1">
              <value>
                <![CDATA[invalidpass]]>
              </value>
            </param>
          </params>
          <reporter-output>
          </reporter-output>
        </test-method> <!-- testLogin -->
        <test-method signature="testLogin(java.lang.String,java.lang.String)[pri:0, instance:DataProviderAssignment.testCases.LoginTest@36fc695d]" started-at="2024-12-17T12:12:19 IST" name="testLogin" data-provider="loginData" finished-at="2024-12-17T12:12:20 IST" duration-ms="1392" status="PASS">
          <params>
            <param index="0">
              <value>
                <![CDATA[selenium]]>
              </value>
            </param>
            <param index="1">
              <value>
                <![CDATA[webdriver]]>
              </value>
            </param>
          </params>
          <reporter-output>
          </reporter-output>
        </test-method> <!-- testLogin -->
        <test-method signature="testLogin(java.lang.String,java.lang.String)[pri:0, instance:DataProviderAssignment.testCases.LoginTest@36fc695d]" started-at="2024-12-17T12:12:20 IST" name="testLogin" data-provider="loginData" finished-at="2024-12-17T12:12:22 IST" duration-ms="1331" status="PASS">
          <params>
            <param index="0">
              <value>
                <![CDATA[user]]>
              </value>
            </param>
            <param index="1">
              <value>
                <![CDATA[pass]]>
              </value>
            </param>
          </params>
          <reporter-output>
          </reporter-output>
        </test-method> <!-- testLogin -->
        <test-method is-config="true" signature="tearDown()[pri:0, instance:DataProviderAssignment.testCases.LoginTest@36fc695d]" started-at="2024-12-17T12:12:22 IST" name="tearDown" finished-at="2024-12-17T12:12:22 IST" duration-ms="415" status="PASS">
          <reporter-output>
          </reporter-output>
        </test-method> <!-- tearDown -->
      </class> <!-- DataProviderAssignment.testCases.LoginTest -->
    </test> <!-- Default test -->
  </suite> <!-- Default suite -->
</testng-results>
