<?xml version="1.0" encoding="UTF-8"?>
<!-- Generated by org.testng.reporters.JUnitXMLReporter -->
<testsuite ignored="1" hostname="DESKTOP-C7HII46" failures="0" tests="3" name="Regression Tests" time="4.658" errors="0" timestamp="2024-12-13T12:46:25 IST">
  <testcase classname="DataProvider.DataProviderDemo" name="setUp" time="3.831"/>
  <testcase classname="DataProvider.DataProviderDemo" name="handleCheckBox" time="0.533"/>
  <testcase classname="DataProvider.DataProviderDemo" name="radioButton" time="0.273"/>
  <testcase classname="DataProvider.DataProviderDemo" name="tearDown" time="0.0">
    <ignored/>
  </testcase> <!-- tearDown -->
</testsuite> <!-- Regression Tests -->
