<?xml version="1.0" encoding="UTF-8"?>
<!-- Generated by org.testng.reporters.JUnitXMLReporter -->
<testsuite ignored="1" hostname="DESKTOP-C7HII46" failures="0" tests="3" name="Smoke Tests" time="6.211" errors="0" timestamp="2024-12-13T12:46:20 IST">
  <testcase classname="DataProvider.DataProviderDemo" name="setUp" time="5.088"/>
  <testcase classname="DataProvider.DataProviderDemo" name="radioButton" time="0.654"/>
  <testcase classname="DataProvider.DataProviderDemo" name="tearDown" time="0.368"/>
  <testcase classname="DataProvider.DataProviderDemo" name="handleCheckBox" time="0.0">
    <ignored/>
  </testcase> <!-- handleCheckBox -->
</testsuite> <!-- Smoke Tests -->
