<?xml version="1.0" encoding="UTF-8"?>
<!-- Generated by org.testng.reporters.JUnitXMLReporter -->
<testsuite ignored="0" hostname="DESKTOP-C7HII46" failures="0" tests="4" name="Test" time="17.234" errors="0" timestamp="2024-12-17T11:50:38 IST">
  <testcase classname="ExtentReportDemo.RunTest" name="openApp" time="11.252"/>
  <testcase classname="ExtentReportDemo.RunTest" name="verifyLogo" time="3.082"/>
  <testcase classname="ExtentReportDemo.RunTest" name="login" time="1.868"/>
  <testcase classname="ExtentReportDemo.RunTest" name="closeApp" time="0.346"/>
</testsuite> <!-- Test -->
